<?xml version="1.0" encoding="UTF-8"?>
<!-- Generated by org.testng.reporters.JUnitXMLReporter -->
<testsuite ignored="1" hostname="ip-10-0-0-44.ec2.internal" failures="0" tests="3" name="Surefire test" time="3.54" errors="0" timestamp="20 Sep 2023 09:29:08 GMT">
  <testcase classname="com.netflix.MySampleYamlTest" name="testEntity" time="0.833"/>
  <testcase classname="com.netflix.MySampleYamlTest" name="testUsingTestFramework" time="0.723"/>
  <testcase classname="com.netflix.MySampleTest" name="testEntity" time="0.088"/>
  <testcase classname="com.netflix.MySampleYamlTest" name="testViaCatalog" time="0.0">
    <ignored/>
  </testcase> <!-- testViaCatalog -->
</testsuite> <!-- Surefire test -->
