<?xml version="1.0" encoding="UTF-8"?>
<testng-results ignored="1" total="4" passed="3" failed="0" skipped="0">
  <reporter-output>
  </reporter-output>
  <suite started-at="2023-09-20T09:29:04Z" name="Surefire suite" finished-at="2023-09-20T09:29:08Z" duration-ms="3540">
    <groups>
    </groups>
    <test started-at="2023-09-20T09:29:04Z" name="Surefire test" finished-at="2023-09-20T09:29:08Z" duration-ms="3540">
      <class name="com.netflix.MySampleYamlTest">
        <test-method is-config="true" signature="setUp()[pri:0, instance:com.netflix.MySampleYamlTest@3b6ddd1d]" started-at="2023-09-20T09:29:04Z" name="setUp" finished-at="2023-09-20T09:29:06Z" duration-ms="1610" status="PASS">
          <reporter-output>
          </reporter-output>
        </test-method> <!-- setUp -->
        <test-method signature="testEntity()[pri:0, instance:com.netflix.MySampleYamlTest@3b6ddd1d]" started-at="2023-09-20T09:29:06Z" name="testEntity" finished-at="2023-09-20T09:29:07Z" duration-ms="833" status="PASS">
          <reporter-output>
          </reporter-output>
        </test-method> <!-- testEntity -->
        <test-method is-config="true" signature="tearDown()[pri:0, instance:com.netflix.MySampleYamlTest@3b6ddd1d]" started-at="2023-09-20T09:29:07Z" name="tearDown" finished-at="2023-09-20T09:29:07Z" duration-ms="59" status="PASS">
          <reporter-output>
          </reporter-output>
        </test-method> <!-- tearDown -->
        <test-method is-config="true" signature="setUp()[pri:0, instance:com.netflix.MySampleYamlTest@3b6ddd1d]" started-at="2023-09-20T09:29:07Z" name="setUp" finished-at="2023-09-20T09:29:07Z" duration-ms="25" status="PASS">
          <reporter-output>
          </reporter-output>
        </test-method> <!-- setUp -->
        <test-method signature="testUsingTestFramework()[pri:0, instance:com.netflix.MySampleYamlTest@3b6ddd1d]" started-at="2023-09-20T09:29:07Z" name="testUsingTestFramework" finished-at="2023-09-20T09:29:07Z" duration-ms="723" status="PASS">
          <reporter-output>
          </reporter-output>
        </test-method> <!-- testUsingTestFramework -->
        <test-method is-config="true" signature="tearDown()[pri:0, instance:com.netflix.MySampleYamlTest@3b6ddd1d]" started-at="2023-09-20T09:29:07Z" name="tearDown" finished-at="2023-09-20T09:29:07Z" duration-ms="56" status="PASS">
          <reporter-output>
          </reporter-output>
        </test-method> <!-- tearDown -->
      </class> <!-- com.netflix.MySampleYamlTest -->
      <class name="com.netflix.MySampleTest">
        <test-method is-config="true" signature="setUp()[pri:0, instance:com.netflix.MySampleTest@3f6b0be5]" started-at="2023-09-20T09:29:07Z" name="setUp" finished-at="2023-09-20T09:29:08Z" duration-ms="80" status="PASS">
          <reporter-output>
          </reporter-output>
        </test-method> <!-- setUp -->
        <test-method signature="testEntity()[pri:0, instance:com.netflix.MySampleTest@3f6b0be5]" started-at="2023-09-20T09:29:08Z" name="testEntity" finished-at="2023-09-20T09:29:08Z" duration-ms="88" status="PASS">
          <reporter-output>
          </reporter-output>
        </test-method> <!-- testEntity -->
        <test-method is-config="true" signature="tearDown()[pri:0, instance:com.netflix.MySampleTest@3f6b0be5]" started-at="2023-09-20T09:29:08Z" name="tearDown" finished-at="2023-09-20T09:29:08Z" duration-ms="10" status="PASS">
          <reporter-output>
          </reporter-output>
        </test-method> <!-- tearDown -->
      </class> <!-- com.netflix.MySampleTest -->
    </test> <!-- Surefire test -->
  </suite> <!-- Surefire suite -->
</testng-results>
